2016-09-25 18:59:28,759 - INFO - ---------- Started logging TUI ----------
2016-09-25 18:59:31,962 - INFO - Successful login, username: AlStock
2016-09-25 18:59:34,182 - INFO - ---------- Finished logging -----------
2016-09-25 19:06:08,052 - INFO - ---------- Started logging GUI ----------
2016-09-25 19:06:08,052 - INFO - ---------- Started logging GUI ----------
2016-09-25 19:06:43,263 - INFO - ---------- Started logging GUI ----------
2016-09-25 19:06:43,263 - INFO - ---------- Started logging GUI ----------
2016-09-25 19:06:43,263 - INFO - ---------- Started logging GUI ----------
2016-09-25 19:06:44,482 - INFO - Successful login, username: AlStock
2016-09-25 19:06:44,482 - INFO - Successful login, username: AlStock
2016-09-25 19:06:44,482 - INFO - Successful login, username: AlStock
2016-09-25 19:32:46,628 - INFO - ---------- Started logging TUI ----------
2016-09-25 19:32:46,628 - INFO - ---------- Started logging TUI ----------
2016-09-25 19:32:46,628 - INFO - ---------- Started logging TUI ----------
2016-09-25 19:32:46,628 - INFO - ---------- Started logging TUI ----------
2016-09-25 19:32:48,872 - INFO - Successful login to MySQL database, username: asdasd
2016-09-25 19:32:48,872 - INFO - Successful login to MySQL database, username: asdasd
2016-09-25 19:32:48,872 - INFO - Successful login to MySQL database, username: asdasd
2016-09-25 19:32:48,872 - INFO - Successful login to MySQL database, username: asdasd
2016-09-25 19:32:52,424 - INFO - ---------- Finished logging -----------
2016-09-25 19:32:52,424 - INFO - ---------- Finished logging -----------
2016-09-25 19:32:52,424 - INFO - ---------- Finished logging -----------
2016-09-25 19:32:52,424 - INFO - ---------- Finished logging -----------
2016-09-25 19:33:49,601 - INFO - ---------- Started logging TUI ----------
2016-09-25 19:33:49,601 - INFO - ---------- Started logging TUI ----------
2016-09-25 19:33:49,601 - INFO - ---------- Started logging TUI ----------
2016-09-25 19:33:49,601 - INFO - ---------- Started logging TUI ----------
2016-09-25 19:33:49,601 - INFO - ---------- Started logging TUI ----------
2016-09-25 19:34:09,823 - INFO - ---------- Started logging TUI ----------
2016-09-25 19:34:09,823 - INFO - ---------- Started logging TUI ----------
2016-09-25 19:34:09,823 - INFO - ---------- Started logging TUI ----------
2016-09-25 19:34:09,823 - INFO - ---------- Started logging TUI ----------
2016-09-25 19:34:09,823 - INFO - ---------- Started logging TUI ----------
2016-09-25 19:34:09,823 - INFO - ---------- Started logging TUI ----------
2016-09-25 19:34:12,580 - INFO - Successful login to MySQL database, username: asdasd
2016-09-25 19:34:12,580 - INFO - Successful login to MySQL database, username: asdasd
2016-09-25 19:34:12,580 - INFO - Successful login to MySQL database, username: asdasd
2016-09-25 19:34:12,580 - INFO - Successful login to MySQL database, username: asdasd
2016-09-25 19:34:12,580 - INFO - Successful login to MySQL database, username: asdasd
2016-09-25 19:34:12,580 - INFO - Successful login to MySQL database, username: asdasd
2016-09-25 19:34:14,549 - INFO - ---------- Finished logging -----------
2016-09-25 19:34:14,549 - INFO - ---------- Finished logging -----------
2016-09-25 19:34:14,549 - INFO - ---------- Finished logging -----------
2016-09-25 19:34:14,549 - INFO - ---------- Finished logging -----------
2016-09-25 19:34:14,549 - INFO - ---------- Finished logging -----------
2016-09-25 19:34:14,549 - INFO - ---------- Finished logging -----------
2016-09-25 19:35:01,915 - INFO - ---------- Started logging GUI ----------
2016-09-25 19:35:01,915 - INFO - ---------- Started logging GUI ----------
2016-09-25 19:35:01,915 - INFO - ---------- Started logging GUI ----------
2016-09-25 19:35:01,915 - INFO - ---------- Started logging GUI ----------
2016-09-25 19:35:01,915 - INFO - ---------- Started logging GUI ----------
2016-09-25 19:35:01,915 - INFO - ---------- Started logging GUI ----------
2016-09-25 19:35:01,915 - INFO - ---------- Started logging GUI ----------
2016-09-25 19:35:03,453 - INFO - Successful login to MySQL database, username: 
2016-09-25 19:35:03,453 - INFO - Successful login to MySQL database, username: 
2016-09-25 19:35:03,453 - INFO - Successful login to MySQL database, username: 
2016-09-25 19:35:03,453 - INFO - Successful login to MySQL database, username: 
2016-09-25 19:35:03,453 - INFO - Successful login to MySQL database, username: 
2016-09-25 19:35:03,453 - INFO - Successful login to MySQL database, username: 
2016-09-25 19:35:03,453 - INFO - Successful login to MySQL database, username: 
2016-09-25 19:35:37,770 - INFO - ---------- Started logging TUI ----------
2016-09-25 19:35:37,770 - INFO - ---------- Started logging TUI ----------
2016-09-25 19:35:37,770 - INFO - ---------- Started logging TUI ----------
2016-09-25 19:35:37,770 - INFO - ---------- Started logging TUI ----------
2016-09-25 19:35:37,770 - INFO - ---------- Started logging TUI ----------
2016-09-25 19:35:37,770 - INFO - ---------- Started logging TUI ----------
2016-09-25 19:35:37,770 - INFO - ---------- Started logging TUI ----------
2016-09-25 19:35:37,770 - INFO - ---------- Started logging TUI ----------
2016-09-25 19:35:41,068 - INFO - Successful login to MySQL database, username: tom
2016-09-25 19:35:41,068 - INFO - Successful login to MySQL database, username: tom
2016-09-25 19:35:41,068 - INFO - Successful login to MySQL database, username: tom
2016-09-25 19:35:41,068 - INFO - Successful login to MySQL database, username: tom
2016-09-25 19:35:41,068 - INFO - Successful login to MySQL database, username: tom
2016-09-25 19:35:41,068 - INFO - Successful login to MySQL database, username: tom
2016-09-25 19:35:41,068 - INFO - Successful login to MySQL database, username: tom
2016-09-25 19:35:41,068 - INFO - Successful login to MySQL database, username: tom
2016-09-25 19:36:03,254 - INFO - Custom SQL query: SELECT * FROM Product
2016-09-25 19:36:03,254 - INFO - Custom SQL query: SELECT * FROM Product
2016-09-25 19:36:03,254 - INFO - Custom SQL query: SELECT * FROM Product
2016-09-25 19:36:03,254 - INFO - Custom SQL query: SELECT * FROM Product
2016-09-25 19:36:03,254 - INFO - Custom SQL query: SELECT * FROM Product
2016-09-25 19:36:03,254 - INFO - Custom SQL query: SELECT * FROM Product
2016-09-25 19:36:03,254 - INFO - Custom SQL query: SELECT * FROM Product
2016-09-25 19:36:03,254 - INFO - Custom SQL query: SELECT * FROM Product
2016-09-25 19:38:32,567 - INFO - ---------- Started logging TUI ----------
2016-09-25 19:38:32,567 - INFO - ---------- Started logging TUI ----------
2016-09-25 19:38:32,567 - INFO - ---------- Started logging TUI ----------
2016-09-25 19:38:32,567 - INFO - ---------- Started logging TUI ----------
2016-09-25 19:38:32,567 - INFO - ---------- Started logging TUI ----------
2016-09-25 19:38:32,567 - INFO - ---------- Started logging TUI ----------
2016-09-25 19:38:32,567 - INFO - ---------- Started logging TUI ----------
2016-09-25 19:38:32,567 - INFO - ---------- Started logging TUI ----------
2016-09-25 19:38:32,567 - INFO - ---------- Started logging TUI ----------
2016-09-25 19:38:35,755 - INFO - Successful login to MySQL database, username: asdad
2016-09-25 19:38:35,755 - INFO - Successful login to MySQL database, username: asdad
2016-09-25 19:38:35,755 - INFO - Successful login to MySQL database, username: asdad
2016-09-25 19:38:35,755 - INFO - Successful login to MySQL database, username: asdad
2016-09-25 19:38:35,755 - INFO - Successful login to MySQL database, username: asdad
2016-09-25 19:38:35,755 - INFO - Successful login to MySQL database, username: asdad
2016-09-25 19:38:35,755 - INFO - Successful login to MySQL database, username: asdad
2016-09-25 19:38:35,755 - INFO - Successful login to MySQL database, username: asdad
2016-09-25 19:38:35,755 - INFO - Successful login to MySQL database, username: asdad
2016-09-25 19:38:37,317 - INFO - ---------- Finished logging TUI -----------
2016-09-25 19:38:37,317 - INFO - ---------- Finished logging TUI -----------
2016-09-25 19:38:37,317 - INFO - ---------- Finished logging TUI -----------
2016-09-25 19:38:37,317 - INFO - ---------- Finished logging TUI -----------
2016-09-25 19:38:37,317 - INFO - ---------- Finished logging TUI -----------
2016-09-25 19:38:37,317 - INFO - ---------- Finished logging TUI -----------
2016-09-25 19:38:37,317 - INFO - ---------- Finished logging TUI -----------
2016-09-25 19:38:37,317 - INFO - ---------- Finished logging TUI -----------
2016-09-25 19:38:37,317 - INFO - ---------- Finished logging TUI -----------
2016-09-25 19:38:40,819 - INFO - ---------- Started logging TUI ----------
2016-09-25 19:38:40,819 - INFO - ---------- Started logging TUI ----------
2016-09-25 19:38:40,819 - INFO - ---------- Started logging TUI ----------
2016-09-25 19:38:40,819 - INFO - ---------- Started logging TUI ----------
2016-09-25 19:38:40,819 - INFO - ---------- Started logging TUI ----------
2016-09-25 19:38:40,819 - INFO - ---------- Started logging TUI ----------
2016-09-25 19:38:40,819 - INFO - ---------- Started logging TUI ----------
2016-09-25 19:38:40,819 - INFO - ---------- Started logging TUI ----------
2016-09-25 19:38:40,819 - INFO - ---------- Started logging TUI ----------
2016-09-25 19:38:40,819 - INFO - ---------- Started logging TUI ----------
2016-09-25 19:38:43,992 - INFO - Successful login to MySQL database, username: tom
2016-09-25 19:38:43,992 - INFO - Successful login to MySQL database, username: tom
2016-09-25 19:38:43,992 - INFO - Successful login to MySQL database, username: tom
2016-09-25 19:38:43,992 - INFO - Successful login to MySQL database, username: tom
2016-09-25 19:38:43,992 - INFO - Successful login to MySQL database, username: tom
2016-09-25 19:38:43,992 - INFO - Successful login to MySQL database, username: tom
2016-09-25 19:38:43,992 - INFO - Successful login to MySQL database, username: tom
2016-09-25 19:38:43,992 - INFO - Successful login to MySQL database, username: tom
2016-09-25 19:38:43,992 - INFO - Successful login to MySQL database, username: tom
2016-09-25 19:38:43,992 - INFO - Successful login to MySQL database, username: tom
2016-09-25 19:38:46,633 - INFO - ---------- Finished logging -----------
2016-09-25 19:38:46,633 - INFO - ---------- Finished logging -----------
2016-09-25 19:38:46,633 - INFO - ---------- Finished logging -----------
2016-09-25 19:38:46,633 - INFO - ---------- Finished logging -----------
2016-09-25 19:38:46,633 - INFO - ---------- Finished logging -----------
2016-09-25 19:38:46,633 - INFO - ---------- Finished logging -----------
2016-09-25 19:38:46,633 - INFO - ---------- Finished logging -----------
2016-09-25 19:38:46,633 - INFO - ---------- Finished logging -----------
2016-09-25 19:38:46,633 - INFO - ---------- Finished logging -----------
2016-09-25 19:38:46,633 - INFO - ---------- Finished logging -----------
2016-09-25 19:39:07,528 - INFO - ---------- Started logging GUI ----------
2016-09-25 19:39:07,528 - INFO - ---------- Started logging GUI ----------
2016-09-25 19:39:07,528 - INFO - ---------- Started logging GUI ----------
2016-09-25 19:39:07,528 - INFO - ---------- Started logging GUI ----------
2016-09-25 19:39:07,528 - INFO - ---------- Started logging GUI ----------
2016-09-25 19:39:07,528 - INFO - ---------- Started logging GUI ----------
2016-09-25 19:39:07,528 - INFO - ---------- Started logging GUI ----------
2016-09-25 19:39:07,528 - INFO - ---------- Started logging GUI ----------
2016-09-25 19:39:07,528 - INFO - ---------- Started logging GUI ----------
2016-09-25 19:39:07,528 - INFO - ---------- Started logging GUI ----------
2016-09-25 19:39:07,528 - INFO - ---------- Started logging GUI ----------
2016-09-25 19:39:09,065 - INFO - Successful login to MySQL database, username: 
2016-09-25 19:39:09,065 - INFO - Successful login to MySQL database, username: 
2016-09-25 19:39:09,065 - INFO - Successful login to MySQL database, username: 
2016-09-25 19:39:09,065 - INFO - Successful login to MySQL database, username: 
2016-09-25 19:39:09,065 - INFO - Successful login to MySQL database, username: 
2016-09-25 19:39:09,065 - INFO - Successful login to MySQL database, username: 
2016-09-25 19:39:09,065 - INFO - Successful login to MySQL database, username: 
2016-09-25 19:39:09,065 - INFO - Successful login to MySQL database, username: 
2016-09-25 19:39:09,065 - INFO - Successful login to MySQL database, username: 
2016-09-25 19:39:09,065 - INFO - Successful login to MySQL database, username: 
2016-09-25 19:39:09,065 - INFO - Successful login to MySQL database, username: 
2016-09-25 19:39:15,556 - INFO - Custom SQL query: SELECT * FROM Product
2016-09-25 19:39:15,556 - INFO - Custom SQL query: SELECT * FROM Product
2016-09-25 19:39:15,556 - INFO - Custom SQL query: SELECT * FROM Product
2016-09-25 19:39:15,556 - INFO - Custom SQL query: SELECT * FROM Product
2016-09-25 19:39:15,556 - INFO - Custom SQL query: SELECT * FROM Product
2016-09-25 19:39:15,556 - INFO - Custom SQL query: SELECT * FROM Product
2016-09-25 19:39:15,556 - INFO - Custom SQL query: SELECT * FROM Product
2016-09-25 19:39:15,556 - INFO - Custom SQL query: SELECT * FROM Product
2016-09-25 19:39:15,556 - INFO - Custom SQL query: SELECT * FROM Product
2016-09-25 19:39:15,556 - INFO - Custom SQL query: SELECT * FROM Product
2016-09-25 19:39:15,556 - INFO - Custom SQL query: SELECT * FROM Product
